2021-04-11T09:27:25.381Z [error]: uncaughtException: EPIPE: broken pipe, write
Error: EPIPE: broken pipe, write
    at Socket._write (internal/net.js:54:25)
    at writeOrBuffer (internal/streams/writable.js:358:12)
    at Socket.Writable.write (internal/streams/writable.js:303:10)
    at console.value (internal/console/constructor.js:286:16)
    at console.warn (internal/console/constructor.js:363:26)
    at Object.warn (D:\project\jyalproject\jyalproject-nextjs-spa\node_modules\next\dist\build\output\log.js:1:783)
    at Array.<anonymous> (D:\project\jyalproject\jyalproject-nextjs-spa\node_modules\next\dist\build\output\store.js:1:2179)
    at Object.e [as setState] (D:\project\jyalproject\jyalproject-nextjs-spa\node_modules\next\dist\compiled\unistore\unistore.js:1:583)
    at Array.<anonymous> (D:\project\jyalproject\jyalproject-nextjs-spa\node_modules\next\dist\build\output\index.js:2:1164)
    at Object.e [as setState] (D:\project\jyalproject\jyalproject-nextjs-spa\node_modules\next\dist\compiled\unistore\unistore.js:1:583)
2021-04-11T09:27:25.383Z [error]: uncaughtException: EPIPE: broken pipe, write
Error: EPIPE: broken pipe, write
    at Socket._write (internal/net.js:54:25)
    at writeOrBuffer (internal/streams/writable.js:358:12)
    at Socket.Writable.write (internal/streams/writable.js:303:10)
    at console.value (internal/console/constructor.js:286:16)
    at console.warn (internal/console/constructor.js:363:26)
    at Object.warn (D:\project\jyalproject\jyalproject-nextjs-spa\node_modules\next\dist\build\output\log.js:1:783)
    at Array.<anonymous> (D:\project\jyalproject\jyalproject-nextjs-spa\node_modules\next\dist\build\output\store.js:1:2179)
    at Object.e [as setState] (D:\project\jyalproject\jyalproject-nextjs-spa\node_modules\next\dist\compiled\unistore\unistore.js:1:583)
    at Array.<anonymous> (D:\project\jyalproject\jyalproject-nextjs-spa\node_modules\next\dist\build\output\index.js:2:1164)
    at Object.e [as setState] (D:\project\jyalproject\jyalproject-nextjs-spa\node_modules\next\dist\compiled\unistore\unistore.js:1:583)
2021-04-11T09:27:25.386Z [error]: uncaughtException: EPIPE: broken pipe, write
Error: EPIPE: broken pipe, write
    at Socket._write (internal/net.js:54:25)
    at writeOrBuffer (internal/streams/writable.js:358:12)
    at Socket.Writable.write (internal/streams/writable.js:303:10)
    at console.value (internal/console/constructor.js:286:16)
    at console.warn (internal/console/constructor.js:363:26)
    at Object.warn (D:\project\jyalproject\jyalproject-nextjs-spa\node_modules\next\dist\build\output\log.js:1:783)
    at Array.<anonymous> (D:\project\jyalproject\jyalproject-nextjs-spa\node_modules\next\dist\build\output\store.js:1:2179)
    at Object.e [as setState] (D:\project\jyalproject\jyalproject-nextjs-spa\node_modules\next\dist\compiled\unistore\unistore.js:1:583)
    at Array.<anonymous> (D:\project\jyalproject\jyalproject-nextjs-spa\node_modules\next\dist\build\output\index.js:2:1164)
    at Object.e [as setState] (D:\project\jyalproject\jyalproject-nextjs-spa\node_modules\next\dist\compiled\unistore\unistore.js:1:583)
2021-04-11T09:27:25.388Z [error]: uncaughtException: EPIPE: broken pipe, write
Error: EPIPE: broken pipe, write
    at Socket._write (internal/net.js:54:25)
    at writeOrBuffer (internal/streams/writable.js:358:12)
    at Socket.Writable.write (internal/streams/writable.js:303:10)
    at console.value (internal/console/constructor.js:286:16)
    at console.warn (internal/console/constructor.js:363:26)
    at Object.warn (D:\project\jyalproject\jyalproject-nextjs-spa\node_modules\next\dist\build\output\log.js:1:783)
    at Array.<anonymous> (D:\project\jyalproject\jyalproject-nextjs-spa\node_modules\next\dist\build\output\store.js:1:2179)
    at Object.e [as setState] (D:\project\jyalproject\jyalproject-nextjs-spa\node_modules\next\dist\compiled\unistore\unistore.js:1:583)
    at Array.<anonymous> (D:\project\jyalproject\jyalproject-nextjs-spa\node_modules\next\dist\build\output\index.js:2:1164)
    at Object.e [as setState] (D:\project\jyalproject\jyalproject-nextjs-spa\node_modules\next\dist\compiled\unistore\unistore.js:1:583)
2021-04-11T09:27:25.390Z [error]: uncaughtException: EPIPE: broken pipe, write
Error: EPIPE: broken pipe, write
    at Socket._write (internal/net.js:54:25)
    at writeOrBuffer (internal/streams/writable.js:358:12)
    at Socket.Writable.write (internal/streams/writable.js:303:10)
    at console.value (internal/console/constructor.js:286:16)
    at console.warn (internal/console/constructor.js:363:26)
    at Object.warn (D:\project\jyalproject\jyalproject-nextjs-spa\node_modules\next\dist\build\output\log.js:1:783)
    at Array.<anonymous> (D:\project\jyalproject\jyalproject-nextjs-spa\node_modules\next\dist\build\output\store.js:1:2179)
    at Object.e [as setState] (D:\project\jyalproject\jyalproject-nextjs-spa\node_modules\next\dist\compiled\unistore\unistore.js:1:583)
    at Array.<anonymous> (D:\project\jyalproject\jyalproject-nextjs-spa\node_modules\next\dist\build\output\index.js:2:1164)
    at Object.e [as setState] (D:\project\jyalproject\jyalproject-nextjs-spa\node_modules\next\dist\compiled\unistore\unistore.js:1:583)
2021-04-11T09:27:25.392Z [error]: uncaughtException: EPIPE: broken pipe, write
Error: EPIPE: broken pipe, write
    at Socket._write (internal/net.js:54:25)
    at writeOrBuffer (internal/streams/writable.js:358:12)
    at Socket.Writable.write (internal/streams/writable.js:303:10)
    at console.value (internal/console/constructor.js:286:16)
    at console.warn (internal/console/constructor.js:363:26)
    at Object.warn (D:\project\jyalproject\jyalproject-nextjs-spa\node_modules\next\dist\build\output\log.js:1:783)
    at Array.<anonymous> (D:\project\jyalproject\jyalproject-nextjs-spa\node_modules\next\dist\build\output\store.js:1:2179)
    at Object.e [as setState] (D:\project\jyalproject\jyalproject-nextjs-spa\node_modules\next\dist\compiled\unistore\unistore.js:1:583)
    at Array.<anonymous> (D:\project\jyalproject\jyalproject-nextjs-spa\node_modules\next\dist\build\output\index.js:2:1164)
    at Object.e [as setState] (D:\project\jyalproject\jyalproject-nextjs-spa\node_modules\next\dist\compiled\unistore\unistore.js:1:583)
2021-04-11T09:27:25.395Z [error]: uncaughtException: EPIPE: broken pipe, write
Error: EPIPE: broken pipe, write
    at Socket._write (internal/net.js:54:25)
    at writeOrBuffer (internal/streams/writable.js:358:12)
    at Socket.Writable.write (internal/streams/writable.js:303:10)
    at console.value (internal/console/constructor.js:286:16)
    at console.warn (internal/console/constructor.js:363:26)
    at Object.warn (D:\project\jyalproject\jyalproject-nextjs-spa\node_modules\next\dist\build\output\log.js:1:783)
    at Array.<anonymous> (D:\project\jyalproject\jyalproject-nextjs-spa\node_modules\next\dist\build\output\store.js:1:2179)
    at Object.e [as setState] (D:\project\jyalproject\jyalproject-nextjs-spa\node_modules\next\dist\compiled\unistore\unistore.js:1:583)
    at Array.<anonymous> (D:\project\jyalproject\jyalproject-nextjs-spa\node_modules\next\dist\build\output\index.js:2:1164)
    at Object.e [as setState] (D:\project\jyalproject\jyalproject-nextjs-spa\node_modules\next\dist\compiled\unistore\unistore.js:1:583)
2021-04-11T09:27:25.398Z [error]: uncaughtException: EPIPE: broken pipe, write
Error: EPIPE: broken pipe, write
    at Socket._write (internal/net.js:54:25)
    at writeOrBuffer (internal/streams/writable.js:358:12)
    at Socket.Writable.write (internal/streams/writable.js:303:10)
    at console.value (internal/console/constructor.js:286:16)
    at console.warn (internal/console/constructor.js:363:26)
    at Object.warn (D:\project\jyalproject\jyalproject-nextjs-spa\node_modules\next\dist\build\output\log.js:1:783)
    at Array.<anonymous> (D:\project\jyalproject\jyalproject-nextjs-spa\node_modules\next\dist\build\output\store.js:1:2179)
    at Object.e [as setState] (D:\project\jyalproject\jyalproject-nextjs-spa\node_modules\next\dist\compiled\unistore\unistore.js:1:583)
    at Array.<anonymous> (D:\project\jyalproject\jyalproject-nextjs-spa\node_modules\next\dist\build\output\index.js:2:1164)
    at Object.e [as setState] (D:\project\jyalproject\jyalproject-nextjs-spa\node_modules\next\dist\compiled\unistore\unistore.js:1:583)
2021-04-11T09:27:25.401Z [error]: uncaughtException: EPIPE: broken pipe, write
Error: EPIPE: broken pipe, write
    at Socket._write (internal/net.js:54:25)
    at writeOrBuffer (internal/streams/writable.js:358:12)
    at Socket.Writable.write (internal/streams/writable.js:303:10)
    at console.value (internal/console/constructor.js:286:16)
    at console.warn (internal/console/constructor.js:363:26)
    at Object.warn (D:\project\jyalproject\jyalproject-nextjs-spa\node_modules\next\dist\build\output\log.js:1:783)
    at Array.<anonymous> (D:\project\jyalproject\jyalproject-nextjs-spa\node_modules\next\dist\build\output\store.js:1:2179)
    at Object.e [as setState] (D:\project\jyalproject\jyalproject-nextjs-spa\node_modules\next\dist\compiled\unistore\unistore.js:1:583)
    at Array.<anonymous> (D:\project\jyalproject\jyalproject-nextjs-spa\node_modules\next\dist\build\output\index.js:2:1164)
    at Object.e [as setState] (D:\project\jyalproject\jyalproject-nextjs-spa\node_modules\next\dist\compiled\unistore\unistore.js:1:583)
2021-04-11T09:27:25.404Z [error]: uncaughtException: EPIPE: broken pipe, write
Error: EPIPE: broken pipe, write
    at Socket._write (internal/net.js:54:25)
    at writeOrBuffer (internal/streams/writable.js:358:12)
    at Socket.Writable.write (internal/streams/writable.js:303:10)
    at console.value (internal/console/constructor.js:286:16)
    at console.warn (internal/console/constructor.js:363:26)
    at Object.warn (D:\project\jyalproject\jyalproject-nextjs-spa\node_modules\next\dist\build\output\log.js:1:783)
    at Array.<anonymous> (D:\project\jyalproject\jyalproject-nextjs-spa\node_modules\next\dist\build\output\store.js:1:2179)
    at Object.e [as setState] (D:\project\jyalproject\jyalproject-nextjs-spa\node_modules\next\dist\compiled\unistore\unistore.js:1:583)
    at Array.<anonymous> (D:\project\jyalproject\jyalproject-nextjs-spa\node_modules\next\dist\build\output\index.js:2:1164)
    at Object.e [as setState] (D:\project\jyalproject\jyalproject-nextjs-spa\node_modules\next\dist\compiled\unistore\unistore.js:1:583)
2021-04-11T09:27:25.406Z [error]: uncaughtException: EPIPE: broken pipe, write
Error: EPIPE: broken pipe, write
    at Socket._write (internal/net.js:54:25)
    at writeOrBuffer (internal/streams/writable.js:358:12)
    at Socket.Writable.write (internal/streams/writable.js:303:10)
    at console.value (internal/console/constructor.js:286:16)
    at console.warn (internal/console/constructor.js:363:26)
    at Object.warn (D:\project\jyalproject\jyalproject-nextjs-spa\node_modules\next\dist\build\output\log.js:1:783)
    at Array.<anonymous> (D:\project\jyalproject\jyalproject-nextjs-spa\node_modules\next\dist\build\output\store.js:1:2179)
    at Object.e [as setState] (D:\project\jyalproject\jyalproject-nextjs-spa\node_modules\next\dist\compiled\unistore\unistore.js:1:583)
    at Array.<anonymous> (D:\project\jyalproject\jyalproject-nextjs-spa\node_modules\next\dist\build\output\index.js:2:1164)
    at Object.e [as setState] (D:\project\jyalproject\jyalproject-nextjs-spa\node_modules\next\dist\compiled\unistore\unistore.js:1:583)
2021-04-11T09:27:25.409Z [error]: uncaughtException: EPIPE: broken pipe, write
Error: EPIPE: broken pipe, write
    at Socket._write (internal/net.js:54:25)
    at writeOrBuffer (internal/streams/writable.js:358:12)
    at Socket.Writable.write (internal/streams/writable.js:303:10)
    at console.value (internal/console/constructor.js:286:16)
    at console.warn (internal/console/constructor.js:363:26)
    at Object.warn (D:\project\jyalproject\jyalproject-nextjs-spa\node_modules\next\dist\build\output\log.js:1:783)
    at Array.<anonymous> (D:\project\jyalproject\jyalproject-nextjs-spa\node_modules\next\dist\build\output\store.js:1:2179)
    at Object.e [as setState] (D:\project\jyalproject\jyalproject-nextjs-spa\node_modules\next\dist\compiled\unistore\unistore.js:1:583)
    at Array.<anonymous> (D:\project\jyalproject\jyalproject-nextjs-spa\node_modules\next\dist\build\output\index.js:2:1164)
    at Object.e [as setState] (D:\project\jyalproject\jyalproject-nextjs-spa\node_modules\next\dist\compiled\unistore\unistore.js:1:583)
2021-04-11T09:27:25.412Z [error]: uncaughtException: EPIPE: broken pipe, write
Error: EPIPE: broken pipe, write
    at Socket._write (internal/net.js:54:25)
    at writeOrBuffer (internal/streams/writable.js:358:12)
    at Socket.Writable.write (internal/streams/writable.js:303:10)
    at console.value (internal/console/constructor.js:286:16)
    at console.log (internal/console/constructor.js:358:26)
    at Object.info (D:\project\jyalproject\jyalproject-nextjs-spa\node_modules\next\dist\build\output\log.js:1:916)
    at Array.<anonymous> (D:\project\jyalproject\jyalproject-nextjs-spa\node_modules\next\dist\build\output\store.js:1:2234)
    at Object.e [as setState] (D:\project\jyalproject\jyalproject-nextjs-spa\node_modules\next\dist\compiled\unistore\unistore.js:1:583)
    at Array.<anonymous> (D:\project\jyalproject\jyalproject-nextjs-spa\node_modules\next\dist\build\output\index.js:2:1164)
    at Object.e [as setState] (D:\project\jyalproject\jyalproject-nextjs-spa\node_modules\next\dist\compiled\unistore\unistore.js:1:583)
2021-04-11T09:27:25.415Z [error]: uncaughtException: EPIPE: broken pipe, write
Error: EPIPE: broken pipe, write
    at Socket._write (internal/net.js:54:25)
    at writeOrBuffer (internal/streams/writable.js:358:12)
    at Socket.Writable.write (internal/streams/writable.js:303:10)
    at console.value (internal/console/constructor.js:286:16)
    at console.log (internal/console/constructor.js:358:26)
    at Object.info (D:\project\jyalproject\jyalproject-nextjs-spa\node_modules\next\dist\build\output\log.js:1:916)
    at Array.<anonymous> (D:\project\jyalproject\jyalproject-nextjs-spa\node_modules\next\dist\build\output\store.js:1:2234)
    at Object.e [as setState] (D:\project\jyalproject\jyalproject-nextjs-spa\node_modules\next\dist\compiled\unistore\unistore.js:1:583)
    at Array.<anonymous> (D:\project\jyalproject\jyalproject-nextjs-spa\node_modules\next\dist\build\output\index.js:2:1164)
    at Object.e [as setState] (D:\project\jyalproject\jyalproject-nextjs-spa\node_modules\next\dist\compiled\unistore\unistore.js:1:583)
2021-04-11T09:27:25.418Z [error]: uncaughtException: EPIPE: broken pipe, write
Error: EPIPE: broken pipe, write
    at Socket._write (internal/net.js:54:25)
    at writeOrBuffer (internal/streams/writable.js:358:12)
    at Socket.Writable.write (internal/streams/writable.js:303:10)
    at console.value (internal/console/constructor.js:286:16)
    at console.log (internal/console/constructor.js:358:26)
    at Object.info (D:\project\jyalproject\jyalproject-nextjs-spa\node_modules\next\dist\build\output\log.js:1:916)
    at Array.<anonymous> (D:\project\jyalproject\jyalproject-nextjs-spa\node_modules\next\dist\build\output\store.js:1:2234)
    at Object.e [as setState] (D:\project\jyalproject\jyalproject-nextjs-spa\node_modules\next\dist\compiled\unistore\unistore.js:1:583)
    at Array.<anonymous> (D:\project\jyalproject\jyalproject-nextjs-spa\node_modules\next\dist\build\output\index.js:2:1164)
    at Object.e [as setState] (D:\project\jyalproject\jyalproject-nextjs-spa\node_modules\next\dist\compiled\unistore\unistore.js:1:583)
2021-04-11T09:27:25.420Z [error]: uncaughtException: EPIPE: broken pipe, write
Error: EPIPE: broken pipe, write
    at Socket._write (internal/net.js:54:25)
    at writeOrBuffer (internal/streams/writable.js:358:12)
    at Socket.Writable.write (internal/streams/writable.js:303:10)
    at console.value (internal/console/constructor.js:286:16)
    at console.log (internal/console/constructor.js:358:26)
    at Object.info (D:\project\jyalproject\jyalproject-nextjs-spa\node_modules\next\dist\build\output\log.js:1:916)
    at Array.<anonymous> (D:\project\jyalproject\jyalproject-nextjs-spa\node_modules\next\dist\build\output\store.js:1:2234)
    at Object.e [as setState] (D:\project\jyalproject\jyalproject-nextjs-spa\node_modules\next\dist\compiled\unistore\unistore.js:1:583)
    at Array.<anonymous> (D:\project\jyalproject\jyalproject-nextjs-spa\node_modules\next\dist\build\output\index.js:2:1164)
    at Object.e [as setState] (D:\project\jyalproject\jyalproject-nextjs-spa\node_modules\next\dist\compiled\unistore\unistore.js:1:583)
2021-04-11T09:27:25.423Z [error]: uncaughtException: EPIPE: broken pipe, write
Error: EPIPE: broken pipe, write
    at Socket._write (internal/net.js:54:25)
    at writeOrBuffer (internal/streams/writable.js:358:12)
    at Socket.Writable.write (internal/streams/writable.js:303:10)
    at console.value (internal/console/constructor.js:286:16)
    at console.log (internal/console/constructor.js:358:26)
    at Object.info (D:\project\jyalproject\jyalproject-nextjs-spa\node_modules\next\dist\build\output\log.js:1:916)
    at Array.<anonymous> (D:\project\jyalproject\jyalproject-nextjs-spa\node_modules\next\dist\build\output\store.js:1:2234)
    at Object.e [as setState] (D:\project\jyalproject\jyalproject-nextjs-spa\node_modules\next\dist\compiled\unistore\unistore.js:1:583)
    at Array.<anonymous> (D:\project\jyalproject\jyalproject-nextjs-spa\node_modules\next\dist\build\output\index.js:2:1164)
    at Object.e [as setState] (D:\project\jyalproject\jyalproject-nextjs-spa\node_modules\next\dist\compiled\unistore\unistore.js:1:583)
2021-04-11T09:27:25.425Z [error]: uncaughtException: EPIPE: broken pipe, write
Error: EPIPE: broken pipe, write
    at Socket._write (internal/net.js:54:25)
    at writeOrBuffer (internal/streams/writable.js:358:12)
    at Socket.Writable.write (internal/streams/writable.js:303:10)
    at console.value (internal/console/constructor.js:286:16)
    at console.log (internal/console/constructor.js:358:26)
    at Object.info (D:\project\jyalproject\jyalproject-nextjs-spa\node_modules\next\dist\build\output\log.js:1:916)
    at Array.<anonymous> (D:\project\jyalproject\jyalproject-nextjs-spa\node_modules\next\dist\build\output\store.js:1:2234)
    at Object.e [as setState] (D:\project\jyalproject\jyalproject-nextjs-spa\node_modules\next\dist\compiled\unistore\unistore.js:1:583)
    at Array.<anonymous> (D:\project\jyalproject\jyalproject-nextjs-spa\node_modules\next\dist\build\output\index.js:2:1164)
    at Object.e [as setState] (D:\project\jyalproject\jyalproject-nextjs-spa\node_modules\next\dist\compiled\unistore\unistore.js:1:583)
2021-04-11T09:27:25.428Z [error]: uncaughtException: EPIPE: broken pipe, write
Error: EPIPE: broken pipe, write
    at Socket._write (internal/net.js:54:25)
    at writeOrBuffer (internal/streams/writable.js:358:12)
    at Socket.Writable.write (internal/streams/writable.js:303:10)
    at console.value (internal/console/constructor.js:286:16)
    at console.log (internal/console/constructor.js:358:26)
    at Object.info (D:\project\jyalproject\jyalproject-nextjs-spa\node_modules\next\dist\build\output\log.js:1:916)
    at Array.<anonymous> (D:\project\jyalproject\jyalproject-nextjs-spa\node_modules\next\dist\build\output\store.js:1:2234)
    at Object.e [as setState] (D:\project\jyalproject\jyalproject-nextjs-spa\node_modules\next\dist\compiled\unistore\unistore.js:1:583)
    at Array.<anonymous> (D:\project\jyalproject\jyalproject-nextjs-spa\node_modules\next\dist\build\output\index.js:2:1164)
    at Object.e [as setState] (D:\project\jyalproject\jyalproject-nextjs-spa\node_modules\next\dist\compiled\unistore\unistore.js:1:583)
2021-04-11T09:27:25.431Z [error]: uncaughtException: EPIPE: broken pipe, write
Error: EPIPE: broken pipe, write
    at Socket._write (internal/net.js:54:25)
    at writeOrBuffer (internal/streams/writable.js:358:12)
    at Socket.Writable.write (internal/streams/writable.js:303:10)
    at console.value (internal/console/constructor.js:286:16)
    at console.log (internal/console/constructor.js:358:26)
    at Object.info (D:\project\jyalproject\jyalproject-nextjs-spa\node_modules\next\dist\build\output\log.js:1:916)
    at Array.<anonymous> (D:\project\jyalproject\jyalproject-nextjs-spa\node_modules\next\dist\build\output\store.js:1:2234)
    at Object.e [as setState] (D:\project\jyalproject\jyalproject-nextjs-spa\node_modules\next\dist\compiled\unistore\unistore.js:1:583)
    at Array.<anonymous> (D:\project\jyalproject\jyalproject-nextjs-spa\node_modules\next\dist\build\output\index.js:2:1164)
    at Object.e [as setState] (D:\project\jyalproject\jyalproject-nextjs-spa\node_modules\next\dist\compiled\unistore\unistore.js:1:583)
2021-04-11T09:27:25.434Z [error]: uncaughtException: EPIPE: broken pipe, write
Error: EPIPE: broken pipe, write
    at Socket._write (internal/net.js:54:25)
    at writeOrBuffer (internal/streams/writable.js:358:12)
    at Socket.Writable.write (internal/streams/writable.js:303:10)
    at console.value (internal/console/constructor.js:286:16)
    at console.log (internal/console/constructor.js:358:26)
    at Object.info (D:\project\jyalproject\jyalproject-nextjs-spa\node_modules\next\dist\build\output\log.js:1:916)
    at Array.<anonymous> (D:\project\jyalproject\jyalproject-nextjs-spa\node_modules\next\dist\build\output\store.js:1:2234)
    at Object.e [as setState] (D:\project\jyalproject\jyalproject-nextjs-spa\node_modules\next\dist\compiled\unistore\unistore.js:1:583)
    at Array.<anonymous> (D:\project\jyalproject\jyalproject-nextjs-spa\node_modules\next\dist\build\output\index.js:2:1164)
    at Object.e [as setState] (D:\project\jyalproject\jyalproject-nextjs-spa\node_modules\next\dist\compiled\unistore\unistore.js:1:583)
2021-04-11T09:27:25.436Z [error]: uncaughtException: EPIPE: broken pipe, write
Error: EPIPE: broken pipe, write
    at Socket._write (internal/net.js:54:25)
    at writeOrBuffer (internal/streams/writable.js:358:12)
    at Socket.Writable.write (internal/streams/writable.js:303:10)
    at console.value (internal/console/constructor.js:286:16)
    at console.log (internal/console/constructor.js:358:26)
    at Object.info (D:\project\jyalproject\jyalproject-nextjs-spa\node_modules\next\dist\build\output\log.js:1:916)
    at Array.<anonymous> (D:\project\jyalproject\jyalproject-nextjs-spa\node_modules\next\dist\build\output\store.js:1:2234)
    at Object.e [as setState] (D:\project\jyalproject\jyalproject-nextjs-spa\node_modules\next\dist\compiled\unistore\unistore.js:1:583)
    at Array.<anonymous> (D:\project\jyalproject\jyalproject-nextjs-spa\node_modules\next\dist\build\output\index.js:2:1164)
    at Object.e [as setState] (D:\project\jyalproject\jyalproject-nextjs-spa\node_modules\next\dist\compiled\unistore\unistore.js:1:583)
2021-04-11T09:27:25.439Z [error]: uncaughtException: EPIPE: broken pipe, write
Error: EPIPE: broken pipe, write
    at Socket._write (internal/net.js:54:25)
    at writeOrBuffer (internal/streams/writable.js:358:12)
    at Socket.Writable.write (internal/streams/writable.js:303:10)
    at console.value (internal/console/constructor.js:286:16)
    at console.log (internal/console/constructor.js:358:26)
    at Object.info (D:\project\jyalproject\jyalproject-nextjs-spa\node_modules\next\dist\build\output\log.js:1:916)
    at Array.<anonymous> (D:\project\jyalproject\jyalproject-nextjs-spa\node_modules\next\dist\build\output\store.js:1:2234)
    at Object.e [as setState] (D:\project\jyalproject\jyalproject-nextjs-spa\node_modules\next\dist\compiled\unistore\unistore.js:1:583)
    at Array.<anonymous> (D:\project\jyalproject\jyalproject-nextjs-spa\node_modules\next\dist\build\output\index.js:2:1164)
    at Object.e [as setState] (D:\project\jyalproject\jyalproject-nextjs-spa\node_modules\next\dist\compiled\unistore\unistore.js:1:583)
2021-04-11T09:27:25.442Z [error]: uncaughtException: EPIPE: broken pipe, write
Error: EPIPE: broken pipe, write
    at Socket._write (internal/net.js:54:25)
    at writeOrBuffer (internal/streams/writable.js:358:12)
    at Socket.Writable.write (internal/streams/writable.js:303:10)
    at console.value (internal/console/constructor.js:286:16)
    at console.log (internal/console/constructor.js:358:26)
    at Object.info (D:\project\jyalproject\jyalproject-nextjs-spa\node_modules\next\dist\build\output\log.js:1:916)
    at Array.<anonymous> (D:\project\jyalproject\jyalproject-nextjs-spa\node_modules\next\dist\build\output\store.js:1:2234)
    at Object.e [as setState] (D:\project\jyalproject\jyalproject-nextjs-spa\node_modules\next\dist\compiled\unistore\unistore.js:1:583)
    at Array.<anonymous> (D:\project\jyalproject\jyalproject-nextjs-spa\node_modules\next\dist\build\output\index.js:2:1164)
    at Object.e [as setState] (D:\project\jyalproject\jyalproject-nextjs-spa\node_modules\next\dist\compiled\unistore\unistore.js:1:583)
